<?xml version="1.0" encoding="UTF-8"?>
<!-- Generated by org.testng.reporters.JUnitReportReporter -->
<testsuite hostname="DESKTOP-IUGF0FI" failures="0" tests="1" name="TestLayer.login" time="12.684" errors="0" timestamp="2022-09-24T10:30:43 IST" skipped="0">
  <testcase classname="TestLayer.login" name="browserInitilization" time="12.684"/>
  <system-out/>
</testsuite> <!-- TestLayer.login -->
