<?xml version="1.0" encoding="UTF-8"?>
<!-- Generated by org.testng.reporters.JUnitReportReporter -->
<testsuite hostname="DESKTOP-IUGF0FI" failures="0" tests="3" name="TestLayer.LoginPageTest" time="51.322" errors="0" timestamp="2022-09-25T23:22:47 IST" skipped="0">
  <testcase classname="TestLayer.LoginPageTest" name="browserInitilization" time="41.984"/>
  <system-out/>
  <testcase classname="TestLayer.LoginPageTest" name="login" time="0.363"/>
  <system-out/>
  <testcase classname="TestLayer.LoginPageTest" name="credential" time="8.975"/>
  <system-out/>
</testsuite> <!-- TestLayer.LoginPageTest -->
