<?xml version="1.0" encoding="UTF-8"?>
<!-- Generated by org.testng.reporters.JUnitReportReporter -->
<testsuite hostname="DESKTOP-IUGF0FI" failures="0" tests="1" name="TestNg.demo1" time="0.019" errors="0" timestamp="2022-09-27T21:06:03 IST" skipped="0">
  <testcase classname="TestNg.demo1" name="abc" time="0.019"/>
  <system-out/>
</testsuite> <!-- TestNg.demo1 -->
