<?xml version="1.0" encoding="UTF-8"?>
<!-- Generated by org.testng.reporters.JUnitReportReporter -->
<testsuite hostname="DESKTOP-IUGF0FI" failures="0" tests="4" name="TestLayer.PimPageTest" time="24.974" errors="0" timestamp="2022-09-25T13:12:14 IST" skipped="0">
  <testcase classname="TestLayer.PimPageTest" name="browserInitilization" time="15.514"/>
  <system-out/>
  <testcase classname="TestLayer.PimPageTest" name="login" time="0.315"/>
  <system-out/>
  <testcase classname="TestLayer.PimPageTest" name="credential" time="7.357"/>
  <system-out/>
  <testcase classname="TestLayer.PimPageTest" name="admin" time="1.788"/>
  <system-out/>
</testsuite> <!-- TestLayer.PimPageTest -->
